2025-06-10 13:38:25,669 DEBUG    root            Loaded Command Group: ['gcloud', 'components']
2025-06-10 13:38:25,671 DEBUG    root            Loaded Command Group: ['gcloud', 'components', 'update']
2025-06-10 13:38:25,673 DEBUG    root            Running [gcloud.components.update] with arguments: [--quiet: "True", COMPONENT-IDS:8: "['gcloud', 'core', 'bq', 'gsutil', 'compute', 'preview', 'alpha', 'beta']"]
2025-06-10 13:38:25,674 INFO     ___FILE_ONLY___ Beginning update. This process may take several minutes.

2025-06-10 13:38:25,684 DEBUG    urllib3.connectionpool Starting new HTTPS connection (1): dl.google.com:443
2025-06-10 13:38:25,990 DEBUG    urllib3.connectionpool https://dl.google.com:443 "GET /dl/cloudsdk/channels/rapid/components-2.json HTTP/11" 200 233994
2025-06-10 13:38:26,004 WARNING  root            Component [compute] no longer exists.
2025-06-10 13:38:26,005 INFO     ___FILE_ONLY___ 

2025-06-10 13:38:26,006 INFO     ___FILE_ONLY___ 
Your current Google Cloud CLI version is: 525.0.0

2025-06-10 13:38:26,006 INFO     ___FILE_ONLY___ Installing components from version: 525.0.0

2025-06-10 13:38:26,006 INFO     ___FILE_ONLY___ 

2025-06-10 13:38:26,006 DEBUG    root            Chosen display Format:table[box,title="These components will be removed."](details.display_name:label=Name:align=left,version.version_string:label=Version:align=right,data.size.size(zero="",min=1048576):label=Size:align=right)
2025-06-10 13:38:26,006 DEBUG    root            Chosen display Format:table[box,title="These components will be updated."](details.display_name:label=Name:align=left,version.version_string:label=Version:align=right,data.size.size(zero="",min=1048576):label=Size:align=right)
2025-06-10 13:38:26,007 DEBUG    root            Chosen display Format:table[box,title="These components will be installed."](details.display_name:label=Name:align=left,version.version_string:label=Version:align=right,data.size.size(zero="",min=1048576):label=Size:align=right)
2025-06-10 13:38:26,022 INFO     ___FILE_ONLY___ ┌────────────────────────────────────────────────┐
2025-06-10 13:38:26,022 INFO     ___FILE_ONLY___ 

2025-06-10 13:38:26,022 INFO     ___FILE_ONLY___ │      These components will be installed.       │
2025-06-10 13:38:26,022 INFO     ___FILE_ONLY___ 

2025-06-10 13:38:26,022 INFO     ___FILE_ONLY___ ├─────────────────────────┬────────────┬─────────┤
2025-06-10 13:38:26,022 INFO     ___FILE_ONLY___ 

2025-06-10 13:38:26,022 INFO     ___FILE_ONLY___ │           Name          │  Version   │   Size  │
2025-06-10 13:38:26,022 INFO     ___FILE_ONLY___ 

2025-06-10 13:38:26,022 INFO     ___FILE_ONLY___ ├─────────────────────────┼────────────┼─────────┤
2025-06-10 13:38:26,022 INFO     ___FILE_ONLY___ 

2025-06-10 13:38:26,022 INFO     ___FILE_ONLY___ │ 
2025-06-10 13:38:26,022 INFO     ___FILE_ONLY___ gcloud Alpha Commands  
2025-06-10 13:38:26,023 INFO     ___FILE_ONLY___  
2025-06-10 13:38:26,023 INFO     ___FILE_ONLY___ │ 
2025-06-10 13:38:26,023 INFO     ___FILE_ONLY___ 2025.05.30
2025-06-10 13:38:26,023 INFO     ___FILE_ONLY___  
2025-06-10 13:38:26,023 INFO     ___FILE_ONLY___ │ 
2025-06-10 13:38:26,023 INFO     ___FILE_ONLY___ < 1 MiB
2025-06-10 13:38:26,023 INFO     ___FILE_ONLY___  
2025-06-10 13:38:26,023 INFO     ___FILE_ONLY___ │
2025-06-10 13:38:26,023 INFO     ___FILE_ONLY___ 

2025-06-10 13:38:26,023 INFO     ___FILE_ONLY___ │ 
2025-06-10 13:38:26,023 INFO     ___FILE_ONLY___ gcloud Beta Commands   
2025-06-10 13:38:26,023 INFO     ___FILE_ONLY___  
2025-06-10 13:38:26,023 INFO     ___FILE_ONLY___ │ 
2025-06-10 13:38:26,023 INFO     ___FILE_ONLY___ 2025.05.30
2025-06-10 13:38:26,023 INFO     ___FILE_ONLY___  
2025-06-10 13:38:26,023 INFO     ___FILE_ONLY___ │ 
2025-06-10 13:38:26,023 INFO     ___FILE_ONLY___ < 1 MiB
2025-06-10 13:38:26,023 INFO     ___FILE_ONLY___  
2025-06-10 13:38:26,023 INFO     ___FILE_ONLY___ │
2025-06-10 13:38:26,023 INFO     ___FILE_ONLY___ 

2025-06-10 13:38:26,023 INFO     ___FILE_ONLY___ │ 
2025-06-10 13:38:26,024 INFO     ___FILE_ONLY___ gcloud Preview Commands
2025-06-10 13:38:26,024 INFO     ___FILE_ONLY___  
2025-06-10 13:38:26,024 INFO     ___FILE_ONLY___ │ 
2025-06-10 13:38:26,024 INFO     ___FILE_ONLY___           
2025-06-10 13:38:26,024 INFO     ___FILE_ONLY___  
2025-06-10 13:38:26,024 INFO     ___FILE_ONLY___ │ 
2025-06-10 13:38:26,024 INFO     ___FILE_ONLY___ < 1 MiB
2025-06-10 13:38:26,024 INFO     ___FILE_ONLY___  
2025-06-10 13:38:26,024 INFO     ___FILE_ONLY___ │
2025-06-10 13:38:26,024 INFO     ___FILE_ONLY___ 

2025-06-10 13:38:26,024 INFO     ___FILE_ONLY___ └─────────────────────────┴────────────┴─────────┘
2025-06-10 13:38:26,024 INFO     ___FILE_ONLY___ 

2025-06-10 13:38:26,024 INFO     ___FILE_ONLY___ 

2025-06-10 13:38:26,028 DEBUG    urllib3.connectionpool Starting new HTTPS connection (1): dl.google.com:443
2025-06-10 13:38:26,291 DEBUG    urllib3.connectionpool https://dl.google.com:443 "GET /dl/cloudsdk/channels/rapid/RELEASE_NOTES HTTP/11" 200 1428195
2025-06-10 13:38:26,758 INFO     ___FILE_ONLY___ For the latest full release notes, please visit:
  https://cloud.google.com/sdk/release_notes


2025-06-10 13:38:26,759 INFO     ___FILE_ONLY___ Performing in place update...


2025-06-10 13:38:26,761 INFO     ___FILE_ONLY___ ╔════════════════════════════════════════════════════════════╗

2025-06-10 13:38:26,761 INFO     ___FILE_ONLY___ ╠═ Downloading: gcloud Alpha Commands                       ═╣

2025-06-10 13:38:26,761 INFO     ___FILE_ONLY___ ╚
2025-06-10 13:38:26,764 DEBUG    urllib3.connectionpool Starting new HTTPS connection (1): dl.google.com:443
2025-06-10 13:38:27,091 DEBUG    urllib3.connectionpool https://dl.google.com:443 "GET /dl/cloudsdk/channels/rapid/components/google-cloud-sdk-alpha-20250530172306.tar.gz HTTP/11" 200 800
2025-06-10 13:38:27,092 INFO     ___FILE_ONLY___ ════════════════════════════════════════════════════════════
2025-06-10 13:38:27,092 INFO     ___FILE_ONLY___ ╝

2025-06-10 13:38:27,095 INFO     ___FILE_ONLY___ ╔════════════════════════════════════════════════════════════╗

2025-06-10 13:38:27,095 INFO     ___FILE_ONLY___ ╠═ Downloading: gcloud Beta Commands                        ═╣

2025-06-10 13:38:27,095 INFO     ___FILE_ONLY___ ╚
2025-06-10 13:38:27,098 DEBUG    urllib3.connectionpool Starting new HTTPS connection (1): dl.google.com:443
2025-06-10 13:38:27,341 DEBUG    urllib3.connectionpool https://dl.google.com:443 "GET /dl/cloudsdk/channels/rapid/components/google-cloud-sdk-beta-20250530172306.tar.gz HTTP/11" 200 797
2025-06-10 13:38:27,342 INFO     ___FILE_ONLY___ ════════════════════════════════════════════════════════════
2025-06-10 13:38:27,342 INFO     ___FILE_ONLY___ ╝

2025-06-10 13:38:27,344 INFO     ___FILE_ONLY___ ╔════════════════════════════════════════════════════════════╗

2025-06-10 13:38:27,345 INFO     ___FILE_ONLY___ ╠═ Downloading: gcloud Preview Commands                     ═╣

2025-06-10 13:38:27,345 INFO     ___FILE_ONLY___ ╚
2025-06-10 13:38:27,348 DEBUG    urllib3.connectionpool Starting new HTTPS connection (1): dl.google.com:443
2025-06-10 13:38:27,664 DEBUG    urllib3.connectionpool https://dl.google.com:443 "GET /dl/cloudsdk/channels/rapid/components/google-cloud-sdk-preview-20241115154308.tar.gz HTTP/11" 200 823
2025-06-10 13:38:27,665 INFO     ___FILE_ONLY___ ════════════════════════════════════════════════════════════
2025-06-10 13:38:27,665 INFO     ___FILE_ONLY___ ╝

2025-06-10 13:38:27,667 INFO     ___FILE_ONLY___ ╔════════════════════════════════════════════════════════════╗

2025-06-10 13:38:27,667 INFO     ___FILE_ONLY___ ╠═ Installing: gcloud Alpha Commands                        ═╣

2025-06-10 13:38:27,667 INFO     ___FILE_ONLY___ ╚
2025-06-10 13:38:27,668 INFO     ___FILE_ONLY___ ════════════════════════════════════════════════════════════
2025-06-10 13:38:27,668 INFO     ___FILE_ONLY___ ╝

2025-06-10 13:38:27,675 INFO     ___FILE_ONLY___ ╔════════════════════════════════════════════════════════════╗

2025-06-10 13:38:27,675 INFO     ___FILE_ONLY___ ╠═ Installing: gcloud Beta Commands                         ═╣

2025-06-10 13:38:27,675 INFO     ___FILE_ONLY___ ╚
2025-06-10 13:38:27,676 INFO     ___FILE_ONLY___ ════════════════════════════════════════════════════════════
2025-06-10 13:38:27,676 INFO     ___FILE_ONLY___ ╝

2025-06-10 13:38:27,684 INFO     ___FILE_ONLY___ ╔════════════════════════════════════════════════════════════╗

2025-06-10 13:38:27,684 INFO     ___FILE_ONLY___ ╠═ Installing: gcloud Preview Commands                      ═╣

2025-06-10 13:38:27,684 INFO     ___FILE_ONLY___ ╚
2025-06-10 13:38:27,685 INFO     ___FILE_ONLY___ ════════════════════════════════════════════════════════════
2025-06-10 13:38:27,685 INFO     ___FILE_ONLY___ ╝

2025-06-10 13:38:27,692 DEBUG    root            Updating notification cache...
2025-06-10 13:38:27,693 INFO     ___FILE_ONLY___ 

2025-06-10 13:38:27,695 INFO     ___FILE_ONLY___ Performing post processing steps...
2025-06-10 13:38:27,695 DEBUG    root            Executing command: ['/tools/google-cloud-sdk/bin/gcloud', 'components', 'post-process']
2025-06-10 13:38:39,056 DEBUG    ___FILE_ONLY___ 
2025-06-10 13:38:39,056 DEBUG    ___FILE_ONLY___ 
2025-06-10 13:38:39,211 INFO     root            descriptor_list: [{'universeDomain': 'googleapis.com', 'universeShortName': '', 'authenticationDomain': 'auth.cloud.google.com', 'projectPrefix': '', 'cloudWebDomain': 'cloud.google.com', 'documentationDomain': 'cloud.google.com', 'version': '1.0.0', 'state': 'primary', 'artifactRegistryDomain': 'pkg.dev'}]
2025-06-10 13:38:39,212 INFO     ___FILE_ONLY___ 
Update done!


2025-06-10 13:38:39,214 DEBUG    root            Chosen display Format:none
2025-06-10 13:38:39,215 INFO     root            Display format: "none"
